Determining if the pthread_create exist failed with the following output:
Change Dir: /home/henry/workspace/Build-a-mini-ROS-system/catkin_ws/build/CMakeFiles/CMakeTmp

Run Build Command:"/usr/bin/make" "cmTC_581ad/fast"
/usr/bin/make -f CMakeFiles/cmTC_581ad.dir/build.make CMakeFiles/cmTC_581ad.dir/build
make[1]: Entering directory '/home/henry/workspace/Build-a-mini-ROS-system/catkin_ws/build/CMakeFiles/CMakeTmp'
Building C object CMakeFiles/cmTC_581ad.dir/CheckSymbolExists.c.o
/usr/bin/cc     -o CMakeFiles/cmTC_581ad.dir/CheckSymbolExists.c.o   -c /home/henry/workspace/Build-a-mini-ROS-system/catkin_ws/build/CMakeFiles/CMakeTmp/CheckSymbolExists.c
Linking C executable cmTC_581ad
/usr/bin/cmake -E cmake_link_script CMakeFiles/cmTC_581ad.dir/link.txt --verbose=1
/usr/bin/cc       CMakeFiles/cmTC_581ad.dir/CheckSymbolExists.c.o  -o cmTC_581ad -rdynamic 
CMakeFiles/cmTC_581ad.dir/CheckSymbolExists.c.o: In function `main':
CheckSymbolExists.c:(.text+0x16): undefined reference to `pthread_create'
collect2: error: ld returned 1 exit status
CMakeFiles/cmTC_581ad.dir/build.make:97: recipe for target 'cmTC_581ad' failed
make[1]: *** [cmTC_581ad] Error 1
make[1]: Leaving directory '/home/henry/workspace/Build-a-mini-ROS-system/catkin_ws/build/CMakeFiles/CMakeTmp'
Makefile:126: recipe for target 'cmTC_581ad/fast' failed
make: *** [cmTC_581ad/fast] Error 2

File /home/henry/workspace/Build-a-mini-ROS-system/catkin_ws/build/CMakeFiles/CMakeTmp/CheckSymbolExists.c:
/* */
#include <pthread.h>

int main(int argc, char** argv)
{
  (void)argv;
#ifndef pthread_create
  return ((int*)(&pthread_create))[argc];
#else
  (void)argc;
  return 0;
#endif
}

Determining if the function pthread_create exists in the pthreads failed with the following output:
Change Dir: /home/henry/workspace/Build-a-mini-ROS-system/catkin_ws/build/CMakeFiles/CMakeTmp

Run Build Command:"/usr/bin/make" "cmTC_58c9f/fast"
/usr/bin/make -f CMakeFiles/cmTC_58c9f.dir/build.make CMakeFiles/cmTC_58c9f.dir/build
make[1]: Entering directory '/home/henry/workspace/Build-a-mini-ROS-system/catkin_ws/build/CMakeFiles/CMakeTmp'
Building C object CMakeFiles/cmTC_58c9f.dir/CheckFunctionExists.c.o
/usr/bin/cc    -DCHECK_FUNCTION_EXISTS=pthread_create   -o CMakeFiles/cmTC_58c9f.dir/CheckFunctionExists.c.o   -c /usr/share/cmake-3.5/Modules/CheckFunctionExists.c
Linking C executable cmTC_58c9f
/usr/bin/cmake -E cmake_link_script CMakeFiles/cmTC_58c9f.dir/link.txt --verbose=1
/usr/bin/cc   -DCHECK_FUNCTION_EXISTS=pthread_create    CMakeFiles/cmTC_58c9f.dir/CheckFunctionExists.c.o  -o cmTC_58c9f -rdynamic -lpthreads 
/usr/bin/ld: cannot find -lpthreads
collect2: error: ld returned 1 exit status
CMakeFiles/cmTC_58c9f.dir/build.make:97: recipe for target 'cmTC_58c9f' failed
make[1]: *** [cmTC_58c9f] Error 1
make[1]: Leaving directory '/home/henry/workspace/Build-a-mini-ROS-system/catkin_ws/build/CMakeFiles/CMakeTmp'
Makefile:126: recipe for target 'cmTC_58c9f/fast' failed
make: *** [cmTC_58c9f/fast] Error 2


